running develop
running egg_info
creating robot_ai_system.egg-info
writing robot_ai_system.egg-info/PKG-INFO
writing dependency_links to robot_ai_system.egg-info/dependency_links.txt
writing entry points to robot_ai_system.egg-info/entry_points.txt
writing requirements to robot_ai_system.egg-info/requires.txt
writing top-level names to robot_ai_system.egg-info/top_level.txt
writing manifest file 'robot_ai_system.egg-info/SOURCES.txt'
reading manifest file 'robot_ai_system.egg-info/SOURCES.txt'
writing manifest file 'robot_ai_system.egg-info/SOURCES.txt'
running build_ext
Creating /home/kc2/ros2_ws/install/robot_ai_system/lib/python3.12/site-packages/robot-ai-system.egg-link (link to .)
Installing control_bridge_node script to /home/kc2/ros2_ws/install/robot_ai_system/lib/robot_ai_system
Installing decision_node script to /home/kc2/ros2_ws/install/robot_ai_system/lib/robot_ai_system
Installing vision_node script to /home/kc2/ros2_ws/install/robot_ai_system/lib/robot_ai_system

Installed /home/kc2/ros2_ws/build/robot_ai_system
running symlink_data
creating /home/kc2/ros2_ws/install/robot_ai_system/share/ament_index
creating /home/kc2/ros2_ws/install/robot_ai_system/share/ament_index/resource_index
creating /home/kc2/ros2_ws/install/robot_ai_system/share/ament_index/resource_index/packages
symbolically linking /home/kc2/ros2_ws/build/robot_ai_system/resource/robot_ai_system -> /home/kc2/ros2_ws/install/robot_ai_system/share/ament_index/resource_index/packages
symbolically linking /home/kc2/ros2_ws/build/robot_ai_system/package.xml -> /home/kc2/ros2_ws/install/robot_ai_system/share/robot_ai_system
