[0.594s] Invoking command in '/home/kc2/ros2_ws/build/robot_ai_system': DEBUGINFOD_URLS=https://debuginfod.ubuntu.com PS1=(yolo-venv) \[\e]0;\u@\h: \w\a\]${debian_chroot:+($debian_chroot)}\[\033[01;32m\]\u@\h\[\033[00m\]:\[\033[01;34m\]\w\[\033[00m\]\$ PYTHONPATH=/home/kc2/ros2_ws/build/robot_ai_system/prefix_override:/usr/lib/python3/dist-packages/colcon_core/task/python/colcon_distutils_commands:/home/kc2/ros2_ws/install/robot_ai_system/lib/python3.12/site-packages:${PYTHONPATH} VIRTUAL_ENV_PROMPT=(yolo-venv) /usr/bin/python3 -W ignore:setup.py install is deprecated -W ignore:easy_install command is deprecated setup.py develop --editable --build-directory /home/kc2/ros2_ws/build/robot_ai_system/build --no-deps symlink_data
[0.791s] running develop
[0.903s] running egg_info
[0.903s] creating robot_ai_system.egg-info
[0.914s] writing robot_ai_system.egg-info/PKG-INFO
[0.914s] writing dependency_links to robot_ai_system.egg-info/dependency_links.txt
[0.915s] writing entry points to robot_ai_system.egg-info/entry_points.txt
[0.915s] writing requirements to robot_ai_system.egg-info/requires.txt
[0.915s] writing top-level names to robot_ai_system.egg-info/top_level.txt
[0.915s] writing manifest file 'robot_ai_system.egg-info/SOURCES.txt'
[0.938s] reading manifest file 'robot_ai_system.egg-info/SOURCES.txt'
[0.938s] writing manifest file 'robot_ai_system.egg-info/SOURCES.txt'
[0.949s] running build_ext
[0.950s] Creating /home/kc2/ros2_ws/install/robot_ai_system/lib/python3.12/site-packages/robot-ai-system.egg-link (link to .)
[0.950s] Installing control_bridge_node script to /home/kc2/ros2_ws/install/robot_ai_system/lib/robot_ai_system
[0.950s] Installing decision_node script to /home/kc2/ros2_ws/install/robot_ai_system/lib/robot_ai_system
[0.950s] Installing vision_node script to /home/kc2/ros2_ws/install/robot_ai_system/lib/robot_ai_system
[0.950s] 
[0.950s] Installed /home/kc2/ros2_ws/build/robot_ai_system
[0.950s] running symlink_data
[0.950s] creating /home/kc2/ros2_ws/install/robot_ai_system/share/ament_index
[0.950s] creating /home/kc2/ros2_ws/install/robot_ai_system/share/ament_index/resource_index
[0.950s] creating /home/kc2/ros2_ws/install/robot_ai_system/share/ament_index/resource_index/packages
[0.951s] symbolically linking /home/kc2/ros2_ws/build/robot_ai_system/resource/robot_ai_system -> /home/kc2/ros2_ws/install/robot_ai_system/share/ament_index/resource_index/packages
[0.951s] symbolically linking /home/kc2/ros2_ws/build/robot_ai_system/package.xml -> /home/kc2/ros2_ws/install/robot_ai_system/share/robot_ai_system
[0.969s] Invoked command in '/home/kc2/ros2_ws/build/robot_ai_system' returned '0': DEBUGINFOD_URLS=https://debuginfod.ubuntu.com PS1=(yolo-venv) \[\e]0;\u@\h: \w\a\]${debian_chroot:+($debian_chroot)}\[\033[01;32m\]\u@\h\[\033[00m\]:\[\033[01;34m\]\w\[\033[00m\]\$ PYTHONPATH=/home/kc2/ros2_ws/build/robot_ai_system/prefix_override:/usr/lib/python3/dist-packages/colcon_core/task/python/colcon_distutils_commands:/home/kc2/ros2_ws/install/robot_ai_system/lib/python3.12/site-packages:${PYTHONPATH} VIRTUAL_ENV_PROMPT=(yolo-venv) /usr/bin/python3 -W ignore:setup.py install is deprecated -W ignore:easy_install command is deprecated setup.py develop --editable --build-directory /home/kc2/ros2_ws/build/robot_ai_system/build --no-deps symlink_data
